c:\users\nevine\documents\visual studio 2013\projects\project3\serverapp\debug\serverapp.pch
c:\users\nevine\documents\visual studio 2013\projects\project3\serverapp\debug\vc120.pdb
c:\users\nevine\documents\visual studio 2013\projects\project3\serverapp\debug\vc120.idb
c:\users\nevine\documents\visual studio 2013\projects\project3\serverapp\debug\stdafx.obj
c:\users\nevine\documents\visual studio 2013\projects\project3\serverapp\debug\server.obj
c:\users\nevine\documents\visual studio 2013\projects\project3\serverapp\debug\serverapp.obj
c:\users\nevine\documents\visual studio 2013\projects\project3\serverapp\debug\serverappdlg.obj
c:\users\nevine\documents\visual studio 2013\projects\project3\debug\serverapp.ilk
c:\users\nevine\documents\visual studio 2013\projects\project3\debug\serverapp.exe
c:\users\nevine\documents\visual studio 2013\projects\project3\debug\serverapp.pdb
c:\users\nevine\documents\visual studio 2013\projects\project3\serverapp\debug\serverapp.res
c:\users\nevine\documents\visual studio 2013\projects\project3\serverapp\debug\serverapp.tlog\cl.command.1.tlog
c:\users\nevine\documents\visual studio 2013\projects\project3\serverapp\debug\serverapp.tlog\cl.read.1.tlog
c:\users\nevine\documents\visual studio 2013\projects\project3\serverapp\debug\serverapp.tlog\cl.write.1.tlog
c:\users\nevine\documents\visual studio 2013\projects\project3\serverapp\debug\serverapp.tlog\link.command.1.tlog
c:\users\nevine\documents\visual studio 2013\projects\project3\serverapp\debug\serverapp.tlog\link.read.1.tlog
c:\users\nevine\documents\visual studio 2013\projects\project3\serverapp\debug\serverapp.tlog\link.write.1.tlog
c:\users\nevine\documents\visual studio 2013\projects\project3\serverapp\debug\serverapp.tlog\rc.command.1.tlog
c:\users\nevine\documents\visual studio 2013\projects\project3\serverapp\debug\serverapp.tlog\rc.read.1.tlog
c:\users\nevine\documents\visual studio 2013\projects\project3\serverapp\debug\serverapp.tlog\rc.write.1.tlog
