Build started 2014/07/23 05:01:07 AM.
     1>Project "C:\Users\nevine\Documents\Visual Studio 2013\Projects\Project3\ServerApp\ServerApp.vcxproj" on node 3 (Build target(s)).
     1>ClCompile:
         C:\Program Files (x86)\Microsoft Visual Studio 12.0\VC\bin\CL.exe /c /Zi /nologo /W3 /WX- /O2 /Oi /Oy- /GL /D WIN32 /D _WINDOWS /D NDEBUG /D _UNICODE /D UNICODE /D _AFXDLL /Gm- /EHsc /MD /GS /Gy /fp:precise /Zc:wchar_t /Zc:forScope /Yc"stdafx.h" /Fp"Release\ServerApp.pch" /Fo"Release\\" /Fd"Release\vc120.pdb" /Gd /TP /analyze- /errorReport:prompt stdafx.cpp
         stdafx.cpp
         C:\Program Files (x86)\Microsoft Visual Studio 12.0\VC\bin\CL.exe /c /Zi /nologo /W3 /WX- /O2 /Oi /Oy- /GL /D WIN32 /D _WINDOWS /D NDEBUG /D _UNICODE /D UNICODE /D _AFXDLL /Gm- /EHsc /MD /GS /Gy /fp:precise /Zc:wchar_t /Zc:forScope /Yu"stdafx.h" /Fp"Release\ServerApp.pch" /Fo"Release\\" /Fd"Release\vc120.pdb" /Gd /TP /analyze- /errorReport:prompt Server.cpp ServerApp.cpp ServerAppDlg.cpp
         Server.cpp
         ServerApp.cpp
         ServerAppDlg.cpp
       ResourceCompile:
         C:\Program Files (x86)\Windows Kits\8.1\bin\x86\rc.exe /D NDEBUG /D _UNICODE /D UNICODE /D _AFXDLL /l"0x0409" /IRelease\ /nologo /fo"Release\ServerApp.res" ServerApp.rc 
       Link:
         C:\Program Files (x86)\Microsoft Visual Studio 12.0\VC\bin\link.exe /ERRORREPORT:PROMPT /OUT:"C:\Users\nevine\Documents\Visual Studio 2013\Projects\Project3\Release\ServerApp.exe" /INCREMENTAL:NO /NOLOGO /MANIFEST /MANIFESTUAC:"level='asInvoker' uiAccess='false'" /manifest:embed /manifestinput:"C:\Program Files (x86)\Microsoft Visual Studio 12.0\VC\Include\Manifest\dpiaware.manifest" /DEBUG /PDB:"C:\Users\nevine\Documents\Visual Studio 2013\Projects\Project3\Release\ServerApp.pdb" /SUBSYSTEM:WINDOWS /OPT:REF /OPT:ICF /LTCG /TLBID:1 /ENTRY:"wWinMainCRTStartup" /DYNAMICBASE /NXCOMPAT /IMPLIB:"C:\Users\nevine\Documents\Visual Studio 2013\Projects\Project3\Release\ServerApp.lib" /MACHINE:X86 /SAFESEH Release\ServerApp.res
         Release\Server.obj
         Release\ServerApp.obj
         Release\ServerAppDlg.obj
         Release\stdafx.obj
         Generating code
         Finished generating code
         ServerApp.vcxproj -> C:\Users\nevine\Documents\Visual Studio 2013\Projects\Project3\Release\ServerApp.exe
     1>Done Building Project "C:\Users\nevine\Documents\Visual Studio 2013\Projects\Project3\ServerApp\ServerApp.vcxproj" (Build target(s)).

Build succeeded.

Time Elapsed 00:00:19.18
